  源.cpp
\\mac\home\documents\visual studio 2015\projects\zcg program 20 比大小 c++\zcg program 20 比大小 c++\源.cpp(38): warning C4474: scanf_s: 格式字符串中传递的参数太多
  \\mac\home\documents\visual studio 2015\projects\zcg program 20 比大小 c++\zcg program 20 比大小 c++\源.cpp(38): note: 占位符和其参数预计 1 可变参数，但提供的却是 2 参数
\\mac\home\documents\visual studio 2015\projects\zcg program 20 比大小 c++\zcg program 20 比大小 c++\源.cpp(40): warning C4474: scanf_s: 格式字符串中传递的参数太多
  \\mac\home\documents\visual studio 2015\projects\zcg program 20 比大小 c++\zcg program 20 比大小 c++\源.cpp(40): note: 占位符和其参数预计 1 可变参数，但提供的却是 2 参数
\\mac\home\documents\visual studio 2015\projects\zcg program 20 比大小 c++\zcg program 20 比大小 c++\源.cpp(42): warning C4474: scanf_s: 格式字符串中传递的参数太多
  \\mac\home\documents\visual studio 2015\projects\zcg program 20 比大小 c++\zcg program 20 比大小 c++\源.cpp(42): note: 占位符和其参数预计 1 可变参数，但提供的却是 2 参数
\\mac\home\documents\visual studio 2015\projects\zcg program 20 比大小 c++\zcg program 20 比大小 c++\源.cpp(44): warning C4474: scanf_s: 格式字符串中传递的参数太多
  \\mac\home\documents\visual studio 2015\projects\zcg program 20 比大小 c++\zcg program 20 比大小 c++\源.cpp(44): note: 占位符和其参数预计 1 可变参数，但提供的却是 2 参数
\\mac\home\documents\visual studio 2015\projects\zcg program 20 比大小 c++\zcg program 20 比大小 c++\源.cpp(46): warning C4474: scanf_s: 格式字符串中传递的参数太多
  \\mac\home\documents\visual studio 2015\projects\zcg program 20 比大小 c++\zcg program 20 比大小 c++\源.cpp(46): note: 占位符和其参数预计 1 可变参数，但提供的却是 2 参数
\\mac\home\documents\visual studio 2015\projects\zcg program 20 比大小 c++\zcg program 20 比大小 c++\源.cpp(48): warning C4474: scanf_s: 格式字符串中传递的参数太多
  \\mac\home\documents\visual studio 2015\projects\zcg program 20 比大小 c++\zcg program 20 比大小 c++\源.cpp(48): note: 占位符和其参数预计 1 可变参数，但提供的却是 2 参数
\\mac\home\documents\visual studio 2015\projects\zcg program 20 比大小 c++\zcg program 20 比大小 c++\源.cpp(50): warning C4474: scanf_s: 格式字符串中传递的参数太多
  \\mac\home\documents\visual studio 2015\projects\zcg program 20 比大小 c++\zcg program 20 比大小 c++\源.cpp(50): note: 占位符和其参数预计 1 可变参数，但提供的却是 2 参数
\\mac\home\documents\visual studio 2015\projects\zcg program 20 比大小 c++\zcg program 20 比大小 c++\源.cpp(52): warning C4474: scanf_s: 格式字符串中传递的参数太多
  \\mac\home\documents\visual studio 2015\projects\zcg program 20 比大小 c++\zcg program 20 比大小 c++\源.cpp(52): note: 占位符和其参数预计 1 可变参数，但提供的却是 2 参数
\\mac\home\documents\visual studio 2015\projects\zcg program 20 比大小 c++\zcg program 20 比大小 c++\源.cpp(54): warning C4474: scanf_s: 格式字符串中传递的参数太多
  \\mac\home\documents\visual studio 2015\projects\zcg program 20 比大小 c++\zcg program 20 比大小 c++\源.cpp(54): note: 占位符和其参数预计 1 可变参数，但提供的却是 2 参数
\\mac\home\documents\visual studio 2015\projects\zcg program 20 比大小 c++\zcg program 20 比大小 c++\源.cpp(56): warning C4474: scanf_s: 格式字符串中传递的参数太多
  \\mac\home\documents\visual studio 2015\projects\zcg program 20 比大小 c++\zcg program 20 比大小 c++\源.cpp(56): note: 占位符和其参数预计 1 可变参数，但提供的却是 2 参数
  ZCG program 20 比大小 C++.vcxproj -> \\mac\home\documents\visual studio 2015\Projects\ZCG program 20 比大小 C++\Debug\ZCG program 20 比大小 C++.exe
  ZCG program 20 比大小 C++.vcxproj -> \\mac\home\documents\visual studio 2015\Projects\ZCG program 20 比大小 C++\Debug\ZCG program 20 比大小 C++.pdb (Full PDB)
